<?xml version="1.0" encoding="UTF-8"?>
<testng-results skipped="0" failed="2" total="3" passed="1">
  <reporter-output>
    <line>
      <![CDATA[Failed : Element is not Clickable]]>
    </line>
    <line>
      <![CDATA[Success : Element is  visible]]>
    </line>
    <line>
      <![CDATA[Success : Element is  visible]]>
    </line>
    <line>
      <![CDATA[Failed : Element is not visible]]>
    </line>
    <line>
      <![CDATA[Failed : Element is not Clickable]]>
    </line>
    <line>
      <![CDATA[Failed : Element is not visible]]>
    </line>
    <line>
      <![CDATA[Failed : Element is not Clickable]]>
    </line>
    <line>
      <![CDATA[Success : Element is  visible]]>
    </line>
    <line>
      <![CDATA[Success : Element is  visible]]>
    </line>
    <line>
      <![CDATA[Failed : Element is not Clickable]]>
    </line>
    <line>
      <![CDATA[Failed : Element is not visible]]>
    </line>
  </reporter-output>
  <suite name="TrackX.truelocate1 Suite" duration-ms="70553" started-at="2017-11-20T07:22:29Z" finished-at="2017-11-20T07:23:39Z">
    <groups>
    </groups>
    <test name="TrackX.truelocate1 test" duration-ms="70553" started-at="2017-11-20T07:22:29Z" finished-at="2017-11-20T07:23:39Z">
      <class name="com.trackx.truelocate.flow.IdentifierCreateFlow">
        <test-method status="PASS" signature="excelCreation()[pri:0, instance:com.trackx.truelocate.flow.IdentifierCreateFlow@2accdbb5]" name="excelCreation" is-config="true" duration-ms="106" started-at="2017-11-20T12:52:29Z" finished-at="2017-11-20T12:52:29Z">
          <reporter-output>
          </reporter-output>
        </test-method> <!-- excelCreation -->
        <test-method status="PASS" signature="setUp()[pri:0, instance:com.trackx.truelocate.flow.IdentifierCreateFlow@2accdbb5]" name="setUp" is-config="true" duration-ms="18582" started-at="2017-11-20T12:52:29Z" finished-at="2017-11-20T12:52:47Z">
          <reporter-output>
          </reporter-output>
        </test-method> <!-- setUp -->
        <test-method status="PASS" signature="userclickflow(java.lang.String, java.lang.String)[pri:0, instance:com.trackx.truelocate.flow.IdentifierCreateFlow@2accdbb5]" name="userclickflow" duration-ms="26259" started-at="2017-11-20T12:52:48Z" data-provider="getData" finished-at="2017-11-20T12:53:14Z">
          <params>
            <param index="0">
              <value>
                <![CDATA[rb.admin@gmail.com]]>
              </value>
            </param>
            <param index="1">
              <value>
                <![CDATA[Test@123]]>
              </value>
            </param>
          </params>
          <reporter-output>
          </reporter-output>
        </test-method> <!-- userclickflow -->
        <test-method status="FAIL" signature="itemTypeCreateFlow(java.lang.String, java.lang.String, java.lang.String, java.lang.String)[pri:0, instance:com.trackx.truelocate.flow.IdentifierCreateFlow@2accdbb5]" name="itemTypeCreateFlow" duration-ms="16669" started-at="2017-11-20T12:53:14Z" data-provider="createData" finished-at="2017-11-20T12:53:30Z">
          <params>
            <param index="0">
              <value>
                <![CDATA[test3]]>
              </value>
            </param>
            <param index="1">
              <value>
                <![CDATA[test3]]>
              </value>
            </param>
            <param index="2">
              <value>
                <![CDATA[Yes]]>
              </value>
            </param>
            <param index="3">
              <value>
                <![CDATA[RFCODE]]>
              </value>
            </param>
          </params>
          <exception class="java.lang.AssertionError">
            <message>
              <![CDATA[expected [Item Type added successfully] but found []]]>
            </message>
            <full-stacktrace>
              <![CDATA[java.lang.AssertionError: expected [Item Type added successfully] but found []
	at org.testng.Assert.fail(Assert.java:94)
	at org.testng.Assert.failNotEquals(Assert.java:494)
	at org.testng.Assert.assertEquals(Assert.java:123)
	at org.testng.Assert.assertEquals(Assert.java:176)
	at org.testng.Assert.assertEquals(Assert.java:186)
	at com.trackx.truelocate.flow.IdentifierCreateFlow.itemTypeCreateFlow(IdentifierCreateFlow.java:75)
	at sun.reflect.NativeMethodAccessorImpl.invoke0(Native Method)
	at sun.reflect.NativeMethodAccessorImpl.invoke(Unknown Source)
	at sun.reflect.DelegatingMethodAccessorImpl.invoke(Unknown Source)
	at java.lang.reflect.Method.invoke(Unknown Source)
	at org.testng.internal.MethodInvocationHelper.invokeMethod(MethodInvocationHelper.java:80)
	at org.testng.internal.Invoker.invokeMethod(Invoker.java:714)
	at org.testng.internal.Invoker.invokeTestMethod(Invoker.java:901)
	at org.testng.internal.Invoker.invokeTestMethods(Invoker.java:1231)
	at org.testng.internal.TestMethodWorker.invokeTestMethods(TestMethodWorker.java:127)
	at org.testng.internal.TestMethodWorker.run(TestMethodWorker.java:111)
	at org.testng.TestRunner.privateRun(TestRunner.java:767)
	at org.testng.TestRunner.run(TestRunner.java:617)
	at org.testng.SuiteRunner.runTest(SuiteRunner.java:334)
	at org.testng.SuiteRunner.runSequentially(SuiteRunner.java:329)
	at org.testng.SuiteRunner.privateRun(SuiteRunner.java:291)
	at org.testng.SuiteRunner.run(SuiteRunner.java:240)
	at org.testng.SuiteRunnerWorker.runSuite(SuiteRunnerWorker.java:52)
	at org.testng.SuiteRunnerWorker.run(SuiteRunnerWorker.java:86)
	at org.testng.TestNG.runSuitesSequentially(TestNG.java:1198)
	at org.testng.TestNG.runSuitesLocally(TestNG.java:1123)
	at org.testng.TestNG.run(TestNG.java:1031)
	at org.testng.remote.AbstractRemoteTestNG.run(AbstractRemoteTestNG.java:132)
	at org.testng.remote.RemoteTestNG.initAndRun(RemoteTestNG.java:230)
	at org.testng.remote.RemoteTestNG.main(RemoteTestNG.java:76)
]]>
            </full-stacktrace>
          </exception> <!-- java.lang.AssertionError -->
          <reporter-output>
            <line>
              <![CDATA[Failed : Element is not Clickable]]>
            </line>
            <line>
              <![CDATA[Success : Element is  visible]]>
            </line>
            <line>
              <![CDATA[Success : Element is  visible]]>
            </line>
            <line>
              <![CDATA[Failed : Element is not visible]]>
            </line>
            <line>
              <![CDATA[Failed : Element is not Clickable]]>
            </line>
            <line>
              <![CDATA[Failed : Element is not visible]]>
            </line>
          </reporter-output>
        </test-method> <!-- itemTypeCreateFlow -->
        <test-method status="FAIL" signature="itemTypeCreateFlow(java.lang.String, java.lang.String, java.lang.String, java.lang.String)[pri:0, instance:com.trackx.truelocate.flow.IdentifierCreateFlow@2accdbb5]" name="itemTypeCreateFlow" duration-ms="3004" started-at="2017-11-20T12:53:30Z" data-provider="createData" finished-at="2017-11-20T12:53:33Z">
          <params>
            <param index="0">
              <value>
                <![CDATA[test4]]>
              </value>
            </param>
            <param index="1">
              <value>
                <![CDATA[test4]]>
              </value>
            </param>
            <param index="2">
              <value>
                <![CDATA[No]]>
              </value>
            </param>
            <param index="3">
              <value>
                <![CDATA[]]>
              </value>
            </param>
          </params>
          <exception class="java.lang.AssertionError">
            <message>
              <![CDATA[expected [Item Type added successfully] but found [Code already in use, Please enter Unique Code]]]>
            </message>
            <full-stacktrace>
              <![CDATA[java.lang.AssertionError: expected [Item Type added successfully] but found [Code already in use, Please enter Unique Code]
	at org.testng.Assert.fail(Assert.java:94)
	at org.testng.Assert.failNotEquals(Assert.java:494)
	at org.testng.Assert.assertEquals(Assert.java:123)
	at org.testng.Assert.assertEquals(Assert.java:176)
	at org.testng.Assert.assertEquals(Assert.java:186)
	at com.trackx.truelocate.flow.IdentifierCreateFlow.itemTypeCreateFlow(IdentifierCreateFlow.java:75)
	at sun.reflect.NativeMethodAccessorImpl.invoke0(Native Method)
	at sun.reflect.NativeMethodAccessorImpl.invoke(Unknown Source)
	at sun.reflect.DelegatingMethodAccessorImpl.invoke(Unknown Source)
	at java.lang.reflect.Method.invoke(Unknown Source)
	at org.testng.internal.MethodInvocationHelper.invokeMethod(MethodInvocationHelper.java:80)
	at org.testng.internal.Invoker.invokeMethod(Invoker.java:714)
	at org.testng.internal.Invoker.invokeTestMethod(Invoker.java:901)
	at org.testng.internal.Invoker.invokeTestMethods(Invoker.java:1231)
	at org.testng.internal.TestMethodWorker.invokeTestMethods(TestMethodWorker.java:127)
	at org.testng.internal.TestMethodWorker.run(TestMethodWorker.java:111)
	at org.testng.TestRunner.privateRun(TestRunner.java:767)
	at org.testng.TestRunner.run(TestRunner.java:617)
	at org.testng.SuiteRunner.runTest(SuiteRunner.java:334)
	at org.testng.SuiteRunner.runSequentially(SuiteRunner.java:329)
	at org.testng.SuiteRunner.privateRun(SuiteRunner.java:291)
	at org.testng.SuiteRunner.run(SuiteRunner.java:240)
	at org.testng.SuiteRunnerWorker.runSuite(SuiteRunnerWorker.java:52)
	at org.testng.SuiteRunnerWorker.run(SuiteRunnerWorker.java:86)
	at org.testng.TestNG.runSuitesSequentially(TestNG.java:1198)
	at org.testng.TestNG.runSuitesLocally(TestNG.java:1123)
	at org.testng.TestNG.run(TestNG.java:1031)
	at org.testng.remote.AbstractRemoteTestNG.run(AbstractRemoteTestNG.java:132)
	at org.testng.remote.RemoteTestNG.initAndRun(RemoteTestNG.java:230)
	at org.testng.remote.RemoteTestNG.main(RemoteTestNG.java:76)
]]>
            </full-stacktrace>
          </exception> <!-- java.lang.AssertionError -->
          <reporter-output>
            <line>
              <![CDATA[Failed : Element is not Clickable]]>
            </line>
            <line>
              <![CDATA[Success : Element is  visible]]>
            </line>
            <line>
              <![CDATA[Success : Element is  visible]]>
            </line>
            <line>
              <![CDATA[Failed : Element is not Clickable]]>
            </line>
            <line>
              <![CDATA[Failed : Element is not visible]]>
            </line>
          </reporter-output>
        </test-method> <!-- itemTypeCreateFlow -->
        <test-method status="PASS" signature="quitDriver()[pri:0, instance:com.trackx.truelocate.flow.IdentifierCreateFlow@2accdbb5]" name="quitDriver" is-config="true" duration-ms="6006" started-at="2017-11-20T12:53:33Z" finished-at="2017-11-20T12:53:39Z">
          <reporter-output>
          </reporter-output>
        </test-method> <!-- quitDriver -->
        <test-method status="PASS" signature="suiteTearDown()[pri:0, instance:com.trackx.truelocate.flow.IdentifierCreateFlow@2accdbb5]" name="suiteTearDown" is-config="true" duration-ms="31" started-at="2017-11-20T12:53:39Z" finished-at="2017-11-20T12:53:40Z">
          <reporter-output>
          </reporter-output>
        </test-method> <!-- suiteTearDown -->
      </class> <!-- com.trackx.truelocate.flow.IdentifierCreateFlow -->
    </test> <!-- TrackX.truelocate1 test -->
  </suite> <!-- TrackX.truelocate1 Suite -->
</testng-results>
